<?xml version="1.0" encoding="UTF-8"?>
<!-- Generated by org.testng.reporters.JUnitReportReporter -->
<testsuite hostname="Hari-PC" failures="0" tests="2" name="qaclickacademy.SeleniumTest" time="0.002" errors="0" timestamp="2019-11-06T14:36:59 EST" skipped="0">
  <testcase classname="qaclickacademy.SeleniumTest" name="test1" time="0.001"/>
  <testcase classname="qaclickacademy.SeleniumTest" name="test2" time="0.001"/>
</testsuite> <!-- qaclickacademy.SeleniumTest -->
