<?xml version="1.0" encoding="UTF-8"?>
<!-- Generated by org.testng.reporters.JUnitReportReporter -->
<testsuite hostname="Hari-PC" failures="0" tests="3" name="qaclickacademy.AppiumTest" time="0.010" errors="0" timestamp="2019-11-06T14:36:59 EST" skipped="0">
  <testcase classname="qaclickacademy.AppiumTest" name="test1" time="0.010"/>
  <testcase classname="qaclickacademy.AppiumTest" name="test3" time="0.000"/>
  <testcase classname="qaclickacademy.AppiumTest" name="test2" time="0.000"/>
</testsuite> <!-- qaclickacademy.AppiumTest -->
