<?xml version="1.0" encoding="UTF-8"?>
<!-- Generated by org.testng.reporters.JUnitReportReporter -->
<testsuite hostname="Hari-PC" failures="0" tests="2" name="qaclickacademy.restApiTest" time="0.000" errors="0" timestamp="2019-11-06T14:36:59 EST" skipped="0">
  <testcase classname="qaclickacademy.restApiTest" name="test1" time="0.000"/>
  <testcase classname="qaclickacademy.restApiTest" name="test2" time="0.000"/>
</testsuite> <!-- qaclickacademy.restApiTest -->
